{"synthetic": false,
 "schemaVersion": "2025-09-10",
 "outputs":
 {"o": ["694585945eaf1247.olean"],
  "i": "d3a17c21bd3d7d92.ilean",
  "c": "bdce082413f43e05.c"},
 "log":
 [{"message":
   ".> LEAN_PATH=/Users/username/Projects/psm/PartiallySpecifiedModels.jl/proofs/.lake/packages/Cli/.lake/build/lib/lean:/Users/username/Projects/psm/PartiallySpecifiedModels.jl/proofs/.lake/packages/batteries/.lake/build/lib/lean:/Users/username/Projects/psm/PartiallySpecifiedModels.jl/proofs/.lake/packages/Qq/.lake/build/lib/lean:/Users/username/Projects/psm/PartiallySpecifiedModels.jl/proofs/.lake/packages/aesop/.lake/build/lib/lean:/Users/username/Projects/psm/PartiallySpecifiedModels.jl/proofs/.lake/packages/proofwidgets/.lake/build/lib/lean:/Users/username/Projects/psm/PartiallySpecifiedModels.jl/proofs/.lake/packages/importGraph/.lake/build/lib/lean:/Users/username/Projects/psm/PartiallySpecifiedModels.jl/proofs/.lake/packages/LeanSearchClient/.lake/build/lib/lean:/Users/username/Projects/psm/PartiallySpecifiedModels.jl/proofs/.lake/packages/plausible/.lake/build/lib/lean:/Users/username/Projects/psm/PartiallySpecifiedModels.jl/proofs/.lake/packages/mathlib/.lake/build/lib/lean:/Users/username/Projects/psm/PartiallySpecifiedModels.jl/proofs/.lake/build/lib/lean /Users/username/.elan/toolchains/leanprover--lean4---v4.29.0-rc6/bin/lean /Users/username/Projects/psm/PartiallySpecifiedModels.jl/proofs/COMONetProofs/Basics.lean -o /Users/username/Projects/psm/PartiallySpecifiedModels.jl/proofs/.lake/build/lib/lean/COMONetProofs/Basics.olean -i /Users/username/Projects/psm/PartiallySpecifiedModels.jl/proofs/.lake/build/lib/lean/COMONetProofs/Basics.ilean -c /Users/username/Projects/psm/PartiallySpecifiedModels.jl/proofs/.lake/build/ir/COMONetProofs/Basics.c --setup /Users/username/Projects/psm/PartiallySpecifiedModels.jl/proofs/.lake/build/ir/COMONetProofs/Basics.setup.json --json",
   "level": "trace"}],
 "inputs":
 [["COMONetProofs.Basics:deps",
   [["deps",
     [["COMONetProofs/COMONetProofs:extraDep",
       [["@COMONetProofs:extraDep", "00000000000006bb"]]],
      ["imports",
       [["Mathlib.Analysis.SpecialFunctions.ExpDeriv transitive imports (legacy)",
         "35e7453f344a97fb"],
        ["Mathlib.Analysis.SpecialFunctions.ExpDeriv:importAllArts",
         "79381dcfe74cfcc1"],
        ["Mathlib.Analysis.SpecialFunctions.Log.Basic transitive imports (legacy)",
         "433a13749e061c9d"],
        ["Mathlib.Analysis.SpecialFunctions.Log.Basic:importAllArts",
         "601978ce3eddd643"],
        ["Mathlib.Order.Monotone.Basic transitive imports (legacy)",
         "7e561067fc632c11"],
        ["Mathlib.Order.Monotone.Basic:importAllArts", "c69eb6f78364e7e8"],
        ["Mathlib.Topology.Order.Basic transitive imports (legacy)",
         "e9029ef41f4e1568"],
        ["Mathlib.Topology.Order.Basic:importAllArts", "201857b5ee82e2e8"]]]]],
    ["libs",
     [["import dynlibs", "00000000000006bb"],
      ["package external libraries", "00000000000006bb"],
      ["module dynlibs", "00000000000006bb"],
      ["module plugins", "00000000000006bb"]]]]],
  ["Lean 4.29.0, commit 00659f8e6071d7e46131ed643bf8003b99b044e9",
   "d4ef66a63896cd60"],
  ["/Users/username/Projects/psm/PartiallySpecifiedModels.jl/proofs/COMONetProofs/Basics.lean",
   "9e428a3cefbe5abb"],
  ["options", [["-Dpp.unicode.fun=true", "9b94070140457fab"]]],
  ["isModule: false", "feefd2a0d3a1847e"],
  ["Module.name: COMONetProofs.Basics", "c28453a2ac59154f"],
  ["Package.id?: (some COMONetProofs)", "320a5d0f3b84567a"],
  ["Module.leanArgs: #[]", "00000000000006bb"]],
 "depHash": "2eea6f499299b2e5"}