{"synthetic": false,
 "schemaVersion": "2025-09-10",
 "outputs":
 {"o": ["65c20c1ffc89e674.olean"],
  "i": "2ff0602b36a51fc3.ilean",
  "c": "7600af9e88b1e0db.c"},
 "log":
 [{"message":
   ".> LEAN_PATH=/Users/sdwfrost/Projects/psm/PartiallySpecifiedModels.jl/proofs/.lake/packages/Cli/.lake/build/lib/lean:/Users/sdwfrost/Projects/psm/PartiallySpecifiedModels.jl/proofs/.lake/packages/batteries/.lake/build/lib/lean:/Users/sdwfrost/Projects/psm/PartiallySpecifiedModels.jl/proofs/.lake/packages/Qq/.lake/build/lib/lean:/Users/sdwfrost/Projects/psm/PartiallySpecifiedModels.jl/proofs/.lake/packages/aesop/.lake/build/lib/lean:/Users/sdwfrost/Projects/psm/PartiallySpecifiedModels.jl/proofs/.lake/packages/proofwidgets/.lake/build/lib/lean:/Users/sdwfrost/Projects/psm/PartiallySpecifiedModels.jl/proofs/.lake/packages/importGraph/.lake/build/lib/lean:/Users/sdwfrost/Projects/psm/PartiallySpecifiedModels.jl/proofs/.lake/packages/LeanSearchClient/.lake/build/lib/lean:/Users/sdwfrost/Projects/psm/PartiallySpecifiedModels.jl/proofs/.lake/packages/plausible/.lake/build/lib/lean:/Users/sdwfrost/Projects/psm/PartiallySpecifiedModels.jl/proofs/.lake/packages/mathlib/.lake/build/lib/lean:/Users/sdwfrost/Projects/psm/PartiallySpecifiedModels.jl/proofs/.lake/build/lib/lean /Users/sdwfrost/.elan/toolchains/leanprover--lean4---v4.29.0-rc6/bin/lean /Users/sdwfrost/Projects/psm/PartiallySpecifiedModels.jl/proofs/COMONetProofs/Composition.lean -o /Users/sdwfrost/Projects/psm/PartiallySpecifiedModels.jl/proofs/.lake/build/lib/lean/COMONetProofs/Composition.olean -i /Users/sdwfrost/Projects/psm/PartiallySpecifiedModels.jl/proofs/.lake/build/lib/lean/COMONetProofs/Composition.ilean -c /Users/sdwfrost/Projects/psm/PartiallySpecifiedModels.jl/proofs/.lake/build/ir/COMONetProofs/Composition.c --setup /Users/sdwfrost/Projects/psm/PartiallySpecifiedModels.jl/proofs/.lake/build/ir/COMONetProofs/Composition.setup.json --json",
   "level": "trace"}],
 "inputs":
 [["COMONetProofs.Composition:deps",
   [["deps",
     [["COMONetProofs/COMONetProofs:extraDep",
       [["@COMONetProofs:extraDep", "00000000000006bb"]]],
      ["imports",
       [["COMONetProofs.Basics transitive imports (legacy)",
         "861d14dcdfdd4fba"],
        ["COMONetProofs.Basics:importAllArts", "f6e4a1f43fa2a399"],
        ["COMONetProofs.Monotonicity transitive imports (legacy)",
         "aa6714c118f26c2f"],
        ["COMONetProofs.Monotonicity:importAllArts", "a937185e7a06061b"],
        ["COMONetProofs.Convexity transitive imports (legacy)",
         "aa67fa6789f000e6"],
        ["COMONetProofs.Convexity:importAllArts", "b73a19c7147c09be"],
        ["COMONetProofs.Concavity transitive imports (legacy)",
         "dc0040a4a0b28eaf"],
        ["COMONetProofs.Concavity:importAllArts", "e7c4ed46d6bda9be"],
        ["Mathlib.Analysis.Convex.Function transitive imports (legacy)",
         "52261fd1ba52788e"],
        ["Mathlib.Analysis.Convex.Function:importAllArts", "8705df3c4a79e3a3"],
        ["Mathlib.Order.Monotone.Basic transitive imports (legacy)",
         "7e561067fc632c11"],
        ["Mathlib.Order.Monotone.Basic:importAllArts", "c69eb6f78364e7e8"]]]]],
    ["libs",
     [["import dynlibs", "00000000000006bb"],
      ["package external libraries", "00000000000006bb"],
      ["module dynlibs", "00000000000006bb"],
      ["module plugins", "00000000000006bb"]]]]],
  ["Lean 4.29.0, commit 00659f8e6071d7e46131ed643bf8003b99b044e9",
   "d4ef66a63896cd60"],
  ["/Users/sdwfrost/Projects/psm/PartiallySpecifiedModels.jl/proofs/COMONetProofs/Composition.lean",
   "73c7ef504c3fa4dd"],
  ["options", [["-Dpp.unicode.fun=true", "9b94070140457fab"]]],
  ["isModule: false", "feefd2a0d3a1847e"],
  ["Module.name: COMONetProofs.Composition", "6b4b6241a4e12ddf"],
  ["Package.id?: (some COMONetProofs)", "320a5d0f3b84567a"],
  ["Module.leanArgs: #[]", "00000000000006bb"]],
 "depHash": "ed133040223f37d5"}