{"synthetic": false,
 "schemaVersion": "2025-09-10",
 "outputs":
 {"o": ["83372a6737017ad0.olean"],
  "i": "652a4c717c8b012d.ilean",
  "c": "7deeb2e36b83a57d.c"},
 "log":
 [{"message":
   ".> LEAN_PATH=/Users/sdwfrost/Projects/psm/PartiallySpecifiedModels.jl/proofs/.lake/packages/Cli/.lake/build/lib/lean:/Users/sdwfrost/Projects/psm/PartiallySpecifiedModels.jl/proofs/.lake/packages/batteries/.lake/build/lib/lean:/Users/sdwfrost/Projects/psm/PartiallySpecifiedModels.jl/proofs/.lake/packages/Qq/.lake/build/lib/lean:/Users/sdwfrost/Projects/psm/PartiallySpecifiedModels.jl/proofs/.lake/packages/aesop/.lake/build/lib/lean:/Users/sdwfrost/Projects/psm/PartiallySpecifiedModels.jl/proofs/.lake/packages/proofwidgets/.lake/build/lib/lean:/Users/sdwfrost/Projects/psm/PartiallySpecifiedModels.jl/proofs/.lake/packages/importGraph/.lake/build/lib/lean:/Users/sdwfrost/Projects/psm/PartiallySpecifiedModels.jl/proofs/.lake/packages/LeanSearchClient/.lake/build/lib/lean:/Users/sdwfrost/Projects/psm/PartiallySpecifiedModels.jl/proofs/.lake/packages/plausible/.lake/build/lib/lean:/Users/sdwfrost/Projects/psm/PartiallySpecifiedModels.jl/proofs/.lake/packages/mathlib/.lake/build/lib/lean:/Users/sdwfrost/Projects/psm/PartiallySpecifiedModels.jl/proofs/.lake/build/lib/lean /Users/sdwfrost/.elan/toolchains/leanprover--lean4---v4.29.0-rc6/bin/lean /Users/sdwfrost/Projects/psm/PartiallySpecifiedModels.jl/proofs/COMONetProofs/Concavity.lean -o /Users/sdwfrost/Projects/psm/PartiallySpecifiedModels.jl/proofs/.lake/build/lib/lean/COMONetProofs/Concavity.olean -i /Users/sdwfrost/Projects/psm/PartiallySpecifiedModels.jl/proofs/.lake/build/lib/lean/COMONetProofs/Concavity.ilean -c /Users/sdwfrost/Projects/psm/PartiallySpecifiedModels.jl/proofs/.lake/build/ir/COMONetProofs/Concavity.c --setup /Users/sdwfrost/Projects/psm/PartiallySpecifiedModels.jl/proofs/.lake/build/ir/COMONetProofs/Concavity.setup.json --json",
   "level": "trace"}],
 "inputs":
 [["COMONetProofs.Concavity:deps",
   [["deps",
     [["COMONetProofs/COMONetProofs:extraDep",
       [["@COMONetProofs:extraDep", "00000000000006bb"]]],
      ["imports",
       [["COMONetProofs.Basics transitive imports (legacy)",
         "861d14dcdfdd4fba"],
        ["COMONetProofs.Basics:importAllArts", "f6e4a1f43fa2a399"],
        ["COMONetProofs.Convexity transitive imports (legacy)",
         "aa67fa6789f000e6"],
        ["COMONetProofs.Convexity:importAllArts", "b73a19c7147c09be"],
        ["Mathlib.Analysis.Convex.Function transitive imports (legacy)",
         "52261fd1ba52788e"],
        ["Mathlib.Analysis.Convex.Function:importAllArts",
         "8705df3c4a79e3a3"]]]]],
    ["libs",
     [["import dynlibs", "00000000000006bb"],
      ["package external libraries", "00000000000006bb"],
      ["module dynlibs", "00000000000006bb"],
      ["module plugins", "00000000000006bb"]]]]],
  ["Lean 4.29.0, commit 00659f8e6071d7e46131ed643bf8003b99b044e9",
   "d4ef66a63896cd60"],
  ["/Users/sdwfrost/Projects/psm/PartiallySpecifiedModels.jl/proofs/COMONetProofs/Concavity.lean",
   "cee1156c26e06c2d"],
  ["options", [["-Dpp.unicode.fun=true", "9b94070140457fab"]]],
  ["isModule: false", "feefd2a0d3a1847e"],
  ["Module.name: COMONetProofs.Concavity", "eeb220d211ca10af"],
  ["Package.id?: (some COMONetProofs)", "320a5d0f3b84567a"],
  ["Module.leanArgs: #[]", "00000000000006bb"]],
 "depHash": "b870694a02423690"}