{"synthetic": false,
 "schemaVersion": "2025-09-10",
 "outputs":
 {"o": ["4d777df37f131b08.olean"],
  "i": "1546c78568459cfa.ilean",
  "c": "d521468b98d71f21.c"},
 "log":
 [{"message":
   ".> LEAN_PATH=/Users/username/Projects/psm/PartiallySpecifiedModels.jl/proofs/.lake/packages/Cli/.lake/build/lib/lean:/Users/username/Projects/psm/PartiallySpecifiedModels.jl/proofs/.lake/packages/batteries/.lake/build/lib/lean:/Users/username/Projects/psm/PartiallySpecifiedModels.jl/proofs/.lake/packages/Qq/.lake/build/lib/lean:/Users/username/Projects/psm/PartiallySpecifiedModels.jl/proofs/.lake/packages/aesop/.lake/build/lib/lean:/Users/username/Projects/psm/PartiallySpecifiedModels.jl/proofs/.lake/packages/proofwidgets/.lake/build/lib/lean:/Users/username/Projects/psm/PartiallySpecifiedModels.jl/proofs/.lake/packages/importGraph/.lake/build/lib/lean:/Users/username/Projects/psm/PartiallySpecifiedModels.jl/proofs/.lake/packages/LeanSearchClient/.lake/build/lib/lean:/Users/username/Projects/psm/PartiallySpecifiedModels.jl/proofs/.lake/packages/plausible/.lake/build/lib/lean:/Users/username/Projects/psm/PartiallySpecifiedModels.jl/proofs/.lake/packages/mathlib/.lake/build/lib/lean:/Users/username/Projects/psm/PartiallySpecifiedModels.jl/proofs/.lake/build/lib/lean /Users/username/.elan/toolchains/leanprover--lean4---v4.29.0-rc6/bin/lean /Users/username/Projects/psm/PartiallySpecifiedModels.jl/proofs/COMONetProofs/Convexity.lean -o /Users/username/Projects/psm/PartiallySpecifiedModels.jl/proofs/.lake/build/lib/lean/COMONetProofs/Convexity.olean -i /Users/username/Projects/psm/PartiallySpecifiedModels.jl/proofs/.lake/build/lib/lean/COMONetProofs/Convexity.ilean -c /Users/username/Projects/psm/PartiallySpecifiedModels.jl/proofs/.lake/build/ir/COMONetProofs/Convexity.c --setup /Users/username/Projects/psm/PartiallySpecifiedModels.jl/proofs/.lake/build/ir/COMONetProofs/Convexity.setup.json --json",
   "level": "trace"}],
 "inputs":
 [["COMONetProofs.Convexity:deps",
   [["deps",
     [["COMONetProofs/COMONetProofs:extraDep",
       [["@COMONetProofs:extraDep", "00000000000006bb"]]],
      ["imports",
       [["COMONetProofs.Basics transitive imports (legacy)",
         "861d14dcdfdd4fba"],
        ["COMONetProofs.Basics:importAllArts", "f6e4a1f43fa2a399"],
        ["Mathlib.Analysis.Convex.Function transitive imports (legacy)",
         "52261fd1ba52788e"],
        ["Mathlib.Analysis.Convex.Function:importAllArts", "8705df3c4a79e3a3"],
        ["Mathlib.Analysis.Convex.SpecificFunctions.Basic transitive imports (legacy)",
         "0cc81693a5e2960a"],
        ["Mathlib.Analysis.Convex.SpecificFunctions.Basic:importAllArts",
         "08a6c4746f0495af"]]]]],
    ["libs",
     [["import dynlibs", "00000000000006bb"],
      ["package external libraries", "00000000000006bb"],
      ["module dynlibs", "00000000000006bb"],
      ["module plugins", "00000000000006bb"]]]]],
  ["Lean 4.29.0, commit 00659f8e6071d7e46131ed643bf8003b99b044e9",
   "d4ef66a63896cd60"],
  ["/Users/username/Projects/psm/PartiallySpecifiedModels.jl/proofs/COMONetProofs/Convexity.lean",
   "adf52c669e49d57b"],
  ["options", [["-Dpp.unicode.fun=true", "9b94070140457fab"]]],
  ["isModule: false", "feefd2a0d3a1847e"],
  ["Module.name: COMONetProofs.Convexity", "6eb046bc63408baf"],
  ["Package.id?: (some COMONetProofs)", "320a5d0f3b84567a"],
  ["Module.leanArgs: #[]", "00000000000006bb"]],
 "depHash": "857548ca34673827"}