{"synthetic": false,
 "schemaVersion": "2025-09-10",
 "outputs":
 {"o": ["e5cb8da7c464bde9.olean"],
  "i": "ed2fa11c2b5d5b7c.ilean",
  "c": "4de6b97819948b1f.c"},
 "log":
 [{"message":
   ".> LEAN_PATH=/Users/username/Projects/psm/PartiallySpecifiedModels.jl/proofs/.lake/packages/Cli/.lake/build/lib/lean:/Users/username/Projects/psm/PartiallySpecifiedModels.jl/proofs/.lake/packages/batteries/.lake/build/lib/lean:/Users/username/Projects/psm/PartiallySpecifiedModels.jl/proofs/.lake/packages/Qq/.lake/build/lib/lean:/Users/username/Projects/psm/PartiallySpecifiedModels.jl/proofs/.lake/packages/aesop/.lake/build/lib/lean:/Users/username/Projects/psm/PartiallySpecifiedModels.jl/proofs/.lake/packages/proofwidgets/.lake/build/lib/lean:/Users/username/Projects/psm/PartiallySpecifiedModels.jl/proofs/.lake/packages/importGraph/.lake/build/lib/lean:/Users/username/Projects/psm/PartiallySpecifiedModels.jl/proofs/.lake/packages/LeanSearchClient/.lake/build/lib/lean:/Users/username/Projects/psm/PartiallySpecifiedModels.jl/proofs/.lake/packages/plausible/.lake/build/lib/lean:/Users/username/Projects/psm/PartiallySpecifiedModels.jl/proofs/.lake/packages/mathlib/.lake/build/lib/lean:/Users/username/Projects/psm/PartiallySpecifiedModels.jl/proofs/.lake/build/lib/lean /Users/username/.elan/toolchains/leanprover--lean4---v4.29.0-rc6/bin/lean /Users/username/Projects/psm/PartiallySpecifiedModels.jl/proofs/COMONetProofs/Monotonicity.lean -o /Users/username/Projects/psm/PartiallySpecifiedModels.jl/proofs/.lake/build/lib/lean/COMONetProofs/Monotonicity.olean -i /Users/username/Projects/psm/PartiallySpecifiedModels.jl/proofs/.lake/build/lib/lean/COMONetProofs/Monotonicity.ilean -c /Users/username/Projects/psm/PartiallySpecifiedModels.jl/proofs/.lake/build/ir/COMONetProofs/Monotonicity.c --setup /Users/username/Projects/psm/PartiallySpecifiedModels.jl/proofs/.lake/build/ir/COMONetProofs/Monotonicity.setup.json --json",
   "level": "trace"}],
 "inputs":
 [["COMONetProofs.Monotonicity:deps",
   [["deps",
     [["COMONetProofs/COMONetProofs:extraDep",
       [["@COMONetProofs:extraDep", "00000000000006bb"]]],
      ["imports",
       [["COMONetProofs.Basics transitive imports (legacy)",
         "861d14dcdfdd4fba"],
        ["COMONetProofs.Basics:importAllArts", "f6e4a1f43fa2a399"],
        ["Mathlib.Order.Monotone.Basic transitive imports (legacy)",
         "7e561067fc632c11"],
        ["Mathlib.Order.Monotone.Basic:importAllArts", "c69eb6f78364e7e8"]]]]],
    ["libs",
     [["import dynlibs", "00000000000006bb"],
      ["package external libraries", "00000000000006bb"],
      ["module dynlibs", "00000000000006bb"],
      ["module plugins", "00000000000006bb"]]]]],
  ["Lean 4.29.0, commit 00659f8e6071d7e46131ed643bf8003b99b044e9",
   "d4ef66a63896cd60"],
  ["/Users/username/Projects/psm/PartiallySpecifiedModels.jl/proofs/COMONetProofs/Monotonicity.lean",
   "98eff6f9399e5aef"],
  ["options", [["-Dpp.unicode.fun=true", "9b94070140457fab"]]],
  ["isModule: false", "feefd2a0d3a1847e"],
  ["Module.name: COMONetProofs.Monotonicity", "bd73b102ec26b318"],
  ["Package.id?: (some COMONetProofs)", "320a5d0f3b84567a"],
  ["Module.leanArgs: #[]", "00000000000006bb"]],
 "depHash": "d8515463d2fe976f"}